{"/Users/oksana/WebstormProjects/js-band-hw-task-5/src/scripts/index.js": {"path":"/Users/oksana/WebstormProjects/js-band-hw-task-5/src/scripts/index.js","statementMap":{"0":{"start":{"line":8,"column":0},"end":{"line":8,"column":46}},"1":{"start":{"line":11,"column":4},"end":{"line":11,"column":27}},"2":{"start":{"line":13,"column":21},"end":{"line":13,"column":47}},"3":{"start":{"line":14,"column":17},"end":{"line":21,"column":5}},"4":{"start":{"line":22,"column":4},"end":{"line":22,"column":29}},"5":{"start":{"line":23,"column":4},"end":{"line":23,"column":16}},"6":{"start":{"line":24,"column":4},"end":{"line":24,"column":36}},"7":{"start":{"line":25,"column":4},"end":{"line":25,"column":20}},"8":{"start":{"line":29,"column":4},"end":{"line":29,"column":27}},"9":{"start":{"line":31,"column":21},"end":{"line":31,"column":47}},"10":{"start":{"line":32,"column":18},"end":{"line":39,"column":5}},"11":{"start":{"line":40,"column":4},"end":{"line":40,"column":31}},"12":{"start":{"line":41,"column":4},"end":{"line":41,"column":16}},"13":{"start":{"line":42,"column":4},"end":{"line":42,"column":38}},"14":{"start":{"line":43,"column":4},"end":{"line":43,"column":21}},"15":{"start":{"line":47,"column":4},"end":{"line":47,"column":27}},"16":{"start":{"line":49,"column":21},"end":{"line":49,"column":47}},"17":{"start":{"line":50,"column":17},"end":{"line":54,"column":5}},"18":{"start":{"line":55,"column":4},"end":{"line":55,"column":29}},"19":{"start":{"line":56,"column":4},"end":{"line":56,"column":16}},"20":{"start":{"line":57,"column":4},"end":{"line":57,"column":36}},"21":{"start":{"line":58,"column":4},"end":{"line":58,"column":20}},"22":{"start":{"line":62,"column":4},"end":{"line":64,"column":7}},"23":{"start":{"line":63,"column":8},"end":{"line":63,"column":40}},"24":{"start":{"line":68,"column":4},"end":{"line":70,"column":7}},"25":{"start":{"line":69,"column":8},"end":{"line":69,"column":42}},"26":{"start":{"line":74,"column":4},"end":{"line":76,"column":7}},"27":{"start":{"line":75,"column":8},"end":{"line":75,"column":40}},"28":{"start":{"line":80,"column":4},"end":{"line":83,"column":11}},"29":{"start":{"line":82,"column":12},"end":{"line":82,"column":29}},"30":{"start":{"line":87,"column":4},"end":{"line":87,"column":65}},"31":{"start":{"line":91,"column":4},"end":{"line":91,"column":66}},"32":{"start":{"line":95,"column":4},"end":{"line":95,"column":65}},"33":{"start":{"line":98,"column":13},"end":{"line":98,"column":23}},"34":{"start":{"line":99,"column":0},"end":{"line":99,"column":15}},"35":{"start":{"line":101,"column":0},"end":{"line":101,"column":17}},"36":{"start":{"line":102,"column":0},"end":{"line":102,"column":18}},"37":{"start":{"line":103,"column":0},"end":{"line":103,"column":17}},"38":{"start":{"line":105,"column":0},"end":{"line":106,"column":41}},"39":{"start":{"line":107,"column":0},"end":{"line":108,"column":46}},"40":{"start":{"line":110,"column":0},"end":{"line":111,"column":42}},"41":{"start":{"line":112,"column":0},"end":{"line":113,"column":47}},"42":{"start":{"line":115,"column":0},"end":{"line":116,"column":41}},"43":{"start":{"line":117,"column":0},"end":{"line":118,"column":46}}},"fnMap":{"0":{"name":"addShip","decl":{"start":{"line":10,"column":9},"end":{"line":10,"column":16}},"loc":{"start":{"line":10,"column":24},"end":{"line":26,"column":1}},"line":10},"1":{"name":"addTruck","decl":{"start":{"line":28,"column":9},"end":{"line":28,"column":17}},"loc":{"start":{"line":28,"column":25},"end":{"line":44,"column":1}},"line":28},"2":{"name":"addCost","decl":{"start":{"line":46,"column":9},"end":{"line":46,"column":16}},"loc":{"start":{"line":46,"column":24},"end":{"line":59,"column":1}},"line":46},"3":{"name":"renderShipList","decl":{"start":{"line":61,"column":9},"end":{"line":61,"column":23}},"loc":{"start":{"line":61,"column":26},"end":{"line":65,"column":1}},"line":61},"4":{"name":"(anonymous_4)","decl":{"start":{"line":62,"column":26},"end":{"line":62,"column":27}},"loc":{"start":{"line":62,"column":36},"end":{"line":64,"column":5}},"line":62},"5":{"name":"renderTruckList","decl":{"start":{"line":67,"column":9},"end":{"line":67,"column":24}},"loc":{"start":{"line":67,"column":27},"end":{"line":71,"column":1}},"line":67},"6":{"name":"(anonymous_6)","decl":{"start":{"line":68,"column":27},"end":{"line":68,"column":28}},"loc":{"start":{"line":68,"column":38},"end":{"line":70,"column":5}},"line":68},"7":{"name":"renderCostList","decl":{"start":{"line":73,"column":9},"end":{"line":73,"column":23}},"loc":{"start":{"line":73,"column":26},"end":{"line":77,"column":1}},"line":73},"8":{"name":"(anonymous_8)","decl":{"start":{"line":74,"column":26},"end":{"line":74,"column":27}},"loc":{"start":{"line":74,"column":36},"end":{"line":76,"column":5}},"line":74},"9":{"name":"clearFormInputs","decl":{"start":{"line":79,"column":9},"end":{"line":79,"column":24}},"loc":{"start":{"line":79,"column":31},"end":{"line":84,"column":1}},"line":79},"10":{"name":"(anonymous_10)","decl":{"start":{"line":81,"column":17},"end":{"line":81,"column":18}},"loc":{"start":{"line":81,"column":28},"end":{"line":83,"column":9}},"line":81},"11":{"name":"clearShipForm","decl":{"start":{"line":86,"column":9},"end":{"line":86,"column":22}},"loc":{"start":{"line":86,"column":25},"end":{"line":88,"column":1}},"line":86},"12":{"name":"clearTruckForm","decl":{"start":{"line":90,"column":9},"end":{"line":90,"column":23}},"loc":{"start":{"line":90,"column":26},"end":{"line":92,"column":1}},"line":90},"13":{"name":"clearCostForm","decl":{"start":{"line":94,"column":9},"end":{"line":94,"column":22}},"loc":{"start":{"line":94,"column":25},"end":{"line":96,"column":1}},"line":94}},"branchMap":{},"s":{"0":0,"1":0,"2":0,"3":0,"4":0,"5":0,"6":0,"7":0,"8":0,"9":0,"10":0,"11":0,"12":0,"13":0,"14":0,"15":0,"16":0,"17":0,"18":0,"19":0,"20":0,"21":0,"22":0,"23":0,"24":0,"25":0,"26":0,"27":0,"28":0,"29":0,"30":0,"31":0,"32":0,"33":0,"34":0,"35":0,"36":0,"37":0,"38":0,"39":0,"40":0,"41":0,"42":0,"43":0},"f":{"0":0,"1":0,"2":0,"3":0,"4":0,"5":0,"6":0,"7":0,"8":0,"9":0,"10":0,"11":0,"12":0,"13":0},"b":{},"hash":"be23d06acb62d5f43cd5e6d137526961a25db6b0"}
,"/Users/oksana/WebstormProjects/js-band-hw-task-5/src/scripts/modules/factories/transport-factory.js": {"path":"/Users/oksana/WebstormProjects/js-band-hw-task-5/src/scripts/modules/factories/transport-factory.js","statementMap":{"0":{"start":{"line":6,"column":8},"end":{"line":6,"column":95}},"1":{"start":{"line":10,"column":8},"end":{"line":10,"column":88}},"2":{"start":{"line":14,"column":25},"end":{"line":14,"column":47}},"3":{"start":{"line":15,"column":0},"end":{"line":15,"column":32}}},"fnMap":{"0":{"name":"(anonymous_0)","decl":{"start":{"line":5,"column":4},"end":{"line":5,"column":5}},"loc":{"start":{"line":5,"column":86},"end":{"line":7,"column":5}},"line":5},"1":{"name":"(anonymous_1)","decl":{"start":{"line":9,"column":4},"end":{"line":9,"column":5}},"loc":{"start":{"line":9,"column":79},"end":{"line":11,"column":5}},"line":9}},"branchMap":{},"s":{"0":0,"1":0,"2":0,"3":0},"f":{"0":0,"1":0},"b":{},"hash":"cc015da29cf01362768042ae370705c8b5de89b7"}
,"/Users/oksana/WebstormProjects/js-band-hw-task-5/src/scripts/modules/models/cost.js": {"path":"/Users/oksana/WebstormProjects/js-band-hw-task-5/src/scripts/modules/models/cost.js","statementMap":{"0":{"start":{"line":5,"column":8},"end":{"line":5,"column":16}},"1":{"start":{"line":6,"column":8},"end":{"line":6,"column":27}},"2":{"start":{"line":7,"column":8},"end":{"line":7,"column":35}},"3":{"start":{"line":8,"column":8},"end":{"line":8,"column":41}}},"fnMap":{"0":{"name":"(anonymous_0)","decl":{"start":{"line":4,"column":4},"end":{"line":4,"column":5}},"loc":{"start":{"line":4,"column":48},"end":{"line":9,"column":5}},"line":4}},"branchMap":{},"s":{"0":1,"1":1,"2":1,"3":1},"f":{"0":1},"b":{},"_coverageSchema":"43e27e138ebf9cfc5966b082cf9a028302ed4184","hash":"ffadc69dfe8362979366af78eee6936ca408f614"}
,"/Users/oksana/WebstormProjects/js-band-hw-task-5/src/scripts/modules/models/data.js": {"path":"/Users/oksana/WebstormProjects/js-band-hw-task-5/src/scripts/modules/models/data.js","statementMap":{"0":{"start":{"line":9,"column":8},"end":{"line":9,"column":27}},"1":{"start":{"line":10,"column":8},"end":{"line":10,"column":28}},"2":{"start":{"line":11,"column":8},"end":{"line":11,"column":27}},"3":{"start":{"line":15,"column":8},"end":{"line":15,"column":75}},"4":{"start":{"line":16,"column":8},"end":{"line":16,"column":77}},"5":{"start":{"line":17,"column":8},"end":{"line":17,"column":75}},"6":{"start":{"line":21,"column":8},"end":{"line":21,"column":62}},"7":{"start":{"line":22,"column":8},"end":{"line":22,"column":65}},"8":{"start":{"line":23,"column":8},"end":{"line":23,"column":62}},"9":{"start":{"line":27,"column":23},"end":{"line":27,"column":25}},"10":{"start":{"line":28,"column":8},"end":{"line":35,"column":9}},"11":{"start":{"line":29,"column":31},"end":{"line":29,"column":71}},"12":{"start":{"line":30,"column":12},"end":{"line":34,"column":15}},"13":{"start":{"line":32,"column":30},"end":{"line":32,"column":45}},"14":{"start":{"line":33,"column":16},"end":{"line":33,"column":58}},"15":{"start":{"line":36,"column":8},"end":{"line":36,"column":22}}},"fnMap":{"0":{"name":"(anonymous_0)","decl":{"start":{"line":8,"column":4},"end":{"line":8,"column":5}},"loc":{"start":{"line":8,"column":18},"end":{"line":12,"column":5}},"line":8},"1":{"name":"(anonymous_1)","decl":{"start":{"line":14,"column":4},"end":{"line":14,"column":5}},"loc":{"start":{"line":14,"column":11},"end":{"line":18,"column":5}},"line":14},"2":{"name":"(anonymous_2)","decl":{"start":{"line":20,"column":4},"end":{"line":20,"column":5}},"loc":{"start":{"line":20,"column":14},"end":{"line":24,"column":5}},"line":20},"3":{"name":"(anonymous_3)","decl":{"start":{"line":26,"column":4},"end":{"line":26,"column":5}},"loc":{"start":{"line":26,"column":35},"end":{"line":37,"column":5}},"line":26},"4":{"name":"(anonymous_4)","decl":{"start":{"line":30,"column":31},"end":{"line":30,"column":32}},"loc":{"start":{"line":30,"column":43},"end":{"line":34,"column":13}},"line":30}},"branchMap":{"0":{"loc":{"start":{"line":28,"column":8},"end":{"line":35,"column":9}},"type":"if","locations":[{"start":{"line":28,"column":8},"end":{"line":35,"column":9}},{"start":{"line":28,"column":8},"end":{"line":35,"column":9}}],"line":28}},"s":{"0":3,"1":3,"2":3,"3":0,"4":0,"5":0,"6":0,"7":0,"8":0,"9":0,"10":0,"11":0,"12":0,"13":0,"14":0,"15":0},"f":{"0":3,"1":0,"2":0,"3":0,"4":0},"b":{"0":[0,0]},"_coverageSchema":"43e27e138ebf9cfc5966b082cf9a028302ed4184","hash":"9382e2eb3a54171b8ca433f06d29dbcaa603c0f5"}
,"/Users/oksana/WebstormProjects/js-band-hw-task-5/src/scripts/modules/models/item-with-id.js": {"path":"/Users/oksana/WebstormProjects/js-band-hw-task-5/src/scripts/modules/models/item-with-id.js","statementMap":{"0":{"start":{"line":3,"column":8},"end":{"line":3,"column":37}},"1":{"start":{"line":8,"column":25},"end":{"line":8,"column":27}},"2":{"start":{"line":9,"column":31},"end":{"line":9,"column":69}},"3":{"start":{"line":10,"column":37},"end":{"line":10,"column":54}},"4":{"start":{"line":11,"column":12},"end":{"line":13,"column":13}},"5":{"start":{"line":11,"column":25},"end":{"line":11,"column":26}},"6":{"start":{"line":12,"column":16},"end":{"line":12,"column":90}},"7":{"start":{"line":14,"column":12},"end":{"line":14,"column":26}},"8":{"start":{"line":17,"column":8},"end":{"line":17,"column":74}}},"fnMap":{"0":{"name":"(anonymous_0)","decl":{"start":{"line":2,"column":4},"end":{"line":2,"column":5}},"loc":{"start":{"line":2,"column":18},"end":{"line":4,"column":5}},"line":2},"1":{"name":"(anonymous_1)","decl":{"start":{"line":6,"column":4},"end":{"line":6,"column":5}},"loc":{"start":{"line":6,"column":18},"end":{"line":18,"column":5}},"line":6},"2":{"name":"randomString","decl":{"start":{"line":7,"column":17},"end":{"line":7,"column":29}},"loc":{"start":{"line":7,"column":38},"end":{"line":15,"column":9}},"line":7}},"branchMap":{},"s":{"0":5,"1":15,"2":15,"3":15,"4":15,"5":15,"6":75,"7":15,"8":5},"f":{"0":5,"1":5,"2":15},"b":{},"_coverageSchema":"43e27e138ebf9cfc5966b082cf9a028302ed4184","hash":"59a9ceb47df451cdc30505be55d96b1c9f1ab254"}
,"/Users/oksana/WebstormProjects/js-band-hw-task-5/src/scripts/modules/models/ship.js": {"path":"/Users/oksana/WebstormProjects/js-band-hw-task-5/src/scripts/modules/models/ship.js","statementMap":{"0":{"start":{"line":5,"column":8},"end":{"line":5,"column":59}},"1":{"start":{"line":6,"column":8},"end":{"line":6,"column":25}},"2":{"start":{"line":7,"column":8},"end":{"line":7,"column":39}},"3":{"start":{"line":11,"column":8},"end":{"line":11,"column":40}}},"fnMap":{"0":{"name":"(anonymous_0)","decl":{"start":{"line":4,"column":4},"end":{"line":4,"column":5}},"loc":{"start":{"line":4,"column":80},"end":{"line":8,"column":5}},"line":4},"1":{"name":"(anonymous_1)","decl":{"start":{"line":10,"column":4},"end":{"line":10,"column":5}},"loc":{"start":{"line":10,"column":23},"end":{"line":12,"column":5}},"line":10}},"branchMap":{},"s":{"0":1,"1":1,"2":1,"3":1},"f":{"0":1,"1":1},"b":{},"_coverageSchema":"43e27e138ebf9cfc5966b082cf9a028302ed4184","hash":"e8f9012f166b5cba5f6582c695ae54bdb781fe91"}
,"/Users/oksana/WebstormProjects/js-band-hw-task-5/src/scripts/modules/models/transport.js": {"path":"/Users/oksana/WebstormProjects/js-band-hw-task-5/src/scripts/modules/models/transport.js","statementMap":{"0":{"start":{"line":5,"column":8},"end":{"line":5,"column":16}},"1":{"start":{"line":6,"column":8},"end":{"line":6,"column":27}},"2":{"start":{"line":7,"column":8},"end":{"line":7,"column":41}},"3":{"start":{"line":8,"column":8},"end":{"line":8,"column":33}},"4":{"start":{"line":9,"column":8},"end":{"line":9,"column":41}},"5":{"start":{"line":13,"column":8},"end":{"line":13,"column":33}},"6":{"start":{"line":17,"column":8},"end":{"line":17,"column":42}}},"fnMap":{"0":{"name":"(anonymous_0)","decl":{"start":{"line":4,"column":4},"end":{"line":4,"column":5}},"loc":{"start":{"line":4,"column":61},"end":{"line":10,"column":5}},"line":4},"1":{"name":"(anonymous_1)","decl":{"start":{"line":12,"column":4},"end":{"line":12,"column":5}},"loc":{"start":{"line":12,"column":23},"end":{"line":14,"column":5}},"line":12},"2":{"name":"(anonymous_2)","decl":{"start":{"line":16,"column":4},"end":{"line":16,"column":5}},"loc":{"start":{"line":16,"column":27},"end":{"line":18,"column":5}},"line":16}},"branchMap":{},"s":{"0":3,"1":3,"2":3,"3":3,"4":3,"5":1,"6":1},"f":{"0":3,"1":1,"2":1},"b":{},"_coverageSchema":"43e27e138ebf9cfc5966b082cf9a028302ed4184","hash":"d00e410a855f39c2d1260cc56e65137332c10961"}
,"/Users/oksana/WebstormProjects/js-band-hw-task-5/src/scripts/modules/models/truck.js": {"path":"/Users/oksana/WebstormProjects/js-band-hw-task-5/src/scripts/modules/models/truck.js","statementMap":{"0":{"start":{"line":5,"column":8},"end":{"line":5,"column":59}},"1":{"start":{"line":6,"column":8},"end":{"line":6,"column":41}},"2":{"start":{"line":7,"column":8},"end":{"line":7,"column":35}},"3":{"start":{"line":11,"column":8},"end":{"line":11,"column":40}}},"fnMap":{"0":{"name":"(anonymous_0)","decl":{"start":{"line":4,"column":4},"end":{"line":4,"column":5}},"loc":{"start":{"line":4,"column":86},"end":{"line":8,"column":5}},"line":4},"1":{"name":"(anonymous_1)","decl":{"start":{"line":10,"column":4},"end":{"line":10,"column":5}},"loc":{"start":{"line":10,"column":23},"end":{"line":12,"column":5}},"line":10}},"branchMap":{},"s":{"0":1,"1":1,"2":1,"3":1},"f":{"0":1,"1":1},"b":{},"_coverageSchema":"43e27e138ebf9cfc5966b082cf9a028302ed4184","hash":"c5cee4bcfc7ce72ebf7edcd8d27f6e1733ce0dd0"}
,"/Users/oksana/WebstormProjects/js-band-hw-task-5/src/scripts/modules/renderers/cost-renderer.js": {"path":"/Users/oksana/WebstormProjects/js-band-hw-task-5/src/scripts/modules/renderers/cost-renderer.js","statementMap":{"0":{"start":{"line":5,"column":8},"end":{"line":5,"column":16}},"1":{"start":{"line":6,"column":8},"end":{"line":6,"column":25}},"2":{"start":{"line":10,"column":24},"end":{"line":10,"column":52}},"3":{"start":{"line":11,"column":8},"end":{"line":11,"column":35}},"4":{"start":{"line":13,"column":8},"end":{"line":13,"column":76}},"5":{"start":{"line":14,"column":8},"end":{"line":14,"column":77}},"6":{"start":{"line":15,"column":8},"end":{"line":15,"column":83}},"7":{"start":{"line":17,"column":29},"end":{"line":17,"column":72}},"8":{"start":{"line":18,"column":8},"end":{"line":18,"column":37}},"9":{"start":{"line":20,"column":8},"end":{"line":20,"column":23}}},"fnMap":{"0":{"name":"(anonymous_0)","decl":{"start":{"line":4,"column":4},"end":{"line":4,"column":5}},"loc":{"start":{"line":4,"column":22},"end":{"line":7,"column":5}},"line":4},"1":{"name":"(anonymous_1)","decl":{"start":{"line":9,"column":4},"end":{"line":9,"column":5}},"loc":{"start":{"line":9,"column":13},"end":{"line":21,"column":5}},"line":9}},"branchMap":{},"s":{"0":1,"1":1,"2":1,"3":0,"4":0,"5":0,"6":0,"7":0,"8":0,"9":0},"f":{"0":1,"1":1},"b":{},"_coverageSchema":"43e27e138ebf9cfc5966b082cf9a028302ed4184","hash":"037f227c6df43aed2e4a4d9f1cd6b0aa0f2bf8bf"}
,"/Users/oksana/WebstormProjects/js-band-hw-task-5/src/scripts/modules/renderers/item-renderer.js": {"path":"/Users/oksana/WebstormProjects/js-band-hw-task-5/src/scripts/modules/renderers/item-renderer.js","statementMap":{"0":{"start":{"line":6,"column":19},"end":{"line":6,"column":47}},"1":{"start":{"line":7,"column":8},"end":{"line":7,"column":38}},"2":{"start":{"line":8,"column":22},"end":{"line":8,"column":53}},"3":{"start":{"line":9,"column":8},"end":{"line":9,"column":40}},"4":{"start":{"line":10,"column":21},"end":{"line":10,"column":51}},"5":{"start":{"line":11,"column":8},"end":{"line":11,"column":36}},"6":{"start":{"line":12,"column":8},"end":{"line":12,"column":32}},"7":{"start":{"line":13,"column":8},"end":{"line":13,"column":30}},"8":{"start":{"line":14,"column":8},"end":{"line":14,"column":25}},"9":{"start":{"line":16,"column":8},"end":{"line":16,"column":18}}},"fnMap":{"0":{"name":"(anonymous_0)","decl":{"start":{"line":2,"column":4},"end":{"line":2,"column":5}},"loc":{"start":{"line":2,"column":13},"end":{"line":3,"column":5}},"line":2},"1":{"name":"(anonymous_1)","decl":{"start":{"line":5,"column":4},"end":{"line":5,"column":5}},"loc":{"start":{"line":5,"column":23},"end":{"line":17,"column":5}},"line":5}},"branchMap":{},"s":{"0":0,"1":0,"2":0,"3":0,"4":0,"5":0,"6":0,"7":0,"8":0,"9":0},"f":{"0":0,"1":0},"b":{},"_coverageSchema":"43e27e138ebf9cfc5966b082cf9a028302ed4184","hash":"731e4f18ea867e0a216766703f6929e32b054918"}
,"/Users/oksana/WebstormProjects/js-band-hw-task-5/src/scripts/modules/renderers/ship-renderer.js": {"path":"/Users/oksana/WebstormProjects/js-band-hw-task-5/src/scripts/modules/renderers/ship-renderer.js","statementMap":{"0":{"start":{"line":5,"column":8},"end":{"line":5,"column":16}},"1":{"start":{"line":6,"column":8},"end":{"line":6,"column":25}},"2":{"start":{"line":10,"column":24},"end":{"line":10,"column":52}},"3":{"start":{"line":11,"column":8},"end":{"line":11,"column":35}},"4":{"start":{"line":13,"column":8},"end":{"line":13,"column":66}},"5":{"start":{"line":14,"column":8},"end":{"line":14,"column":78}},"6":{"start":{"line":15,"column":8},"end":{"line":15,"column":81}},"7":{"start":{"line":16,"column":8},"end":{"line":16,"column":109}},"8":{"start":{"line":17,"column":8},"end":{"line":17,"column":95}},"9":{"start":{"line":18,"column":8},"end":{"line":18,"column":80}},"10":{"start":{"line":20,"column":29},"end":{"line":20,"column":68}},"11":{"start":{"line":21,"column":8},"end":{"line":21,"column":37}},"12":{"start":{"line":23,"column":8},"end":{"line":23,"column":23}}},"fnMap":{"0":{"name":"(anonymous_0)","decl":{"start":{"line":4,"column":4},"end":{"line":4,"column":5}},"loc":{"start":{"line":4,"column":22},"end":{"line":7,"column":5}},"line":4},"1":{"name":"(anonymous_1)","decl":{"start":{"line":9,"column":4},"end":{"line":9,"column":5}},"loc":{"start":{"line":9,"column":13},"end":{"line":24,"column":5}},"line":9}},"branchMap":{},"s":{"0":0,"1":0,"2":0,"3":0,"4":0,"5":0,"6":0,"7":0,"8":0,"9":0,"10":0,"11":0,"12":0},"f":{"0":0,"1":0},"b":{},"hash":"1377147812913ea6e7d065d7ca1cff71a49a4ebe"}
,"/Users/oksana/WebstormProjects/js-band-hw-task-5/src/scripts/modules/renderers/truck-renderer.js": {"path":"/Users/oksana/WebstormProjects/js-band-hw-task-5/src/scripts/modules/renderers/truck-renderer.js","statementMap":{"0":{"start":{"line":5,"column":8},"end":{"line":5,"column":16}},"1":{"start":{"line":6,"column":8},"end":{"line":6,"column":27}},"2":{"start":{"line":10,"column":24},"end":{"line":10,"column":52}},"3":{"start":{"line":11,"column":8},"end":{"line":11,"column":35}},"4":{"start":{"line":13,"column":8},"end":{"line":13,"column":67}},"5":{"start":{"line":14,"column":8},"end":{"line":14,"column":82}},"6":{"start":{"line":15,"column":8},"end":{"line":15,"column":82}},"7":{"start":{"line":16,"column":8},"end":{"line":16,"column":110}},"8":{"start":{"line":17,"column":8},"end":{"line":17,"column":96}},"9":{"start":{"line":18,"column":8},"end":{"line":18,"column":77}},"10":{"start":{"line":20,"column":30},"end":{"line":20,"column":74}},"11":{"start":{"line":21,"column":8},"end":{"line":21,"column":38}},"12":{"start":{"line":23,"column":8},"end":{"line":23,"column":23}}},"fnMap":{"0":{"name":"(anonymous_0)","decl":{"start":{"line":4,"column":4},"end":{"line":4,"column":5}},"loc":{"start":{"line":4,"column":23},"end":{"line":7,"column":5}},"line":4},"1":{"name":"(anonymous_1)","decl":{"start":{"line":9,"column":4},"end":{"line":9,"column":5}},"loc":{"start":{"line":9,"column":13},"end":{"line":24,"column":5}},"line":9}},"branchMap":{},"s":{"0":0,"1":0,"2":0,"3":0,"4":0,"5":0,"6":0,"7":0,"8":0,"9":0,"10":0,"11":0,"12":0},"f":{"0":0,"1":0},"b":{},"hash":"ed8f01c8e69b72251b37207e4262f4bf4880c949"}
,"/Users/oksana/WebstormProjects/js-band-hw-task-5/src/scripts/modules/services/local-storage-service.js": {"path":"/Users/oksana/WebstormProjects/js-band-hw-task-5/src/scripts/modules/services/local-storage-service.js","statementMap":{"0":{"start":{"line":3,"column":8},"end":{"line":3,"column":33}},"1":{"start":{"line":7,"column":8},"end":{"line":7,"column":55}},"2":{"start":{"line":11,"column":8},"end":{"line":11,"column":55}},"3":{"start":{"line":15,"column":28},"end":{"line":15,"column":53}},"4":{"start":{"line":16,"column":0},"end":{"line":16,"column":35}}},"fnMap":{"0":{"name":"(anonymous_0)","decl":{"start":{"line":2,"column":4},"end":{"line":2,"column":5}},"loc":{"start":{"line":2,"column":18},"end":{"line":4,"column":5}},"line":2},"1":{"name":"(anonymous_1)","decl":{"start":{"line":6,"column":4},"end":{"line":6,"column":5}},"loc":{"start":{"line":6,"column":20},"end":{"line":8,"column":5}},"line":6},"2":{"name":"(anonymous_2)","decl":{"start":{"line":10,"column":4},"end":{"line":10,"column":5}},"loc":{"start":{"line":10,"column":13},"end":{"line":12,"column":5}},"line":10}},"branchMap":{},"s":{"0":1,"1":0,"2":0,"3":1,"4":1},"f":{"0":1,"1":0,"2":0},"b":{},"_coverageSchema":"43e27e138ebf9cfc5966b082cf9a028302ed4184","hash":"4fb4109120731c2b3d4705e2c3297ea94a844f01"}
}
