TN:
SF:/Users/oksana/WebstormProjects/js-band-hw-task-5/src/scripts/index.js
FN:10,addShip
FN:28,addTruck
FN:46,addCost
FN:61,renderShipList
FN:62,(anonymous_4)
FN:67,renderTruckList
FN:68,(anonymous_6)
FN:73,renderCostList
FN:74,(anonymous_8)
FN:79,clearFormInputs
FN:81,(anonymous_10)
FN:86,clearShipForm
FN:90,clearTruckForm
FN:94,clearCostForm
FNF:14
FNH:0
FNDA:0,addShip
FNDA:0,addTruck
FNDA:0,addCost
FNDA:0,renderShipList
FNDA:0,(anonymous_4)
FNDA:0,renderTruckList
FNDA:0,(anonymous_6)
FNDA:0,renderCostList
FNDA:0,(anonymous_8)
FNDA:0,clearFormInputs
FNDA:0,(anonymous_10)
FNDA:0,clearShipForm
FNDA:0,clearTruckForm
FNDA:0,clearCostForm
DA:8,0
DA:11,0
DA:13,0
DA:14,0
DA:22,0
DA:23,0
DA:24,0
DA:25,0
DA:29,0
DA:31,0
DA:32,0
DA:40,0
DA:41,0
DA:42,0
DA:43,0
DA:47,0
DA:49,0
DA:50,0
DA:55,0
DA:56,0
DA:57,0
DA:58,0
DA:62,0
DA:63,0
DA:68,0
DA:69,0
DA:74,0
DA:75,0
DA:80,0
DA:82,0
DA:87,0
DA:91,0
DA:95,0
DA:98,0
DA:99,0
DA:101,0
DA:102,0
DA:103,0
DA:105,0
DA:107,0
DA:110,0
DA:112,0
DA:115,0
DA:117,0
LF:44
LH:0
BRF:0
BRH:0
end_of_record
TN:
SF:/Users/oksana/WebstormProjects/js-band-hw-task-5/src/scripts/modules/factories/transport-factory.js
FN:5,(anonymous_0)
FN:9,(anonymous_1)
FNF:2
FNH:0
FNDA:0,(anonymous_0)
FNDA:0,(anonymous_1)
DA:6,0
DA:10,0
DA:14,0
DA:15,0
LF:4
LH:0
BRF:0
BRH:0
end_of_record
TN:
SF:/Users/oksana/WebstormProjects/js-band-hw-task-5/src/scripts/modules/models/cost.js
FN:4,(anonymous_0)
FNF:1
FNH:0
FNDA:0,(anonymous_0)
DA:5,0
DA:6,0
DA:7,0
DA:8,0
LF:4
LH:0
BRF:0
BRH:0
end_of_record
TN:
SF:/Users/oksana/WebstormProjects/js-band-hw-task-5/src/scripts/modules/models/data.js
FN:8,(anonymous_0)
FN:14,(anonymous_1)
FN:20,(anonymous_2)
FN:26,(anonymous_3)
FN:30,(anonymous_4)
FNF:5
FNH:0
FNDA:0,(anonymous_0)
FNDA:0,(anonymous_1)
FNDA:0,(anonymous_2)
FNDA:0,(anonymous_3)
FNDA:0,(anonymous_4)
DA:9,0
DA:10,0
DA:11,0
DA:15,0
DA:16,0
DA:17,0
DA:21,0
DA:22,0
DA:23,0
DA:27,0
DA:28,0
DA:29,0
DA:30,0
DA:32,0
DA:33,0
DA:36,0
LF:16
LH:0
BRDA:28,0,0,0
BRDA:28,0,1,0
BRF:2
BRH:0
end_of_record
TN:
SF:/Users/oksana/WebstormProjects/js-band-hw-task-5/src/scripts/modules/models/item-with-id.js
FN:2,(anonymous_0)
FN:6,(anonymous_1)
FN:7,randomString
FNF:3
FNH:3
FNDA:2,(anonymous_0)
FNDA:2,(anonymous_1)
FNDA:6,randomString
DA:3,2
DA:8,6
DA:9,6
DA:10,6
DA:11,6
DA:12,30
DA:14,6
DA:17,2
LF:8
LH:8
BRF:0
BRH:0
end_of_record
TN:
SF:/Users/oksana/WebstormProjects/js-band-hw-task-5/src/scripts/modules/models/ship.js
FN:4,(anonymous_0)
FN:10,(anonymous_1)
FNF:2
FNH:0
FNDA:0,(anonymous_0)
FNDA:0,(anonymous_1)
DA:5,0
DA:6,0
DA:7,0
DA:11,0
LF:4
LH:0
BRF:0
BRH:0
end_of_record
TN:
SF:/Users/oksana/WebstormProjects/js-band-hw-task-5/src/scripts/modules/models/transport.js
FN:4,(anonymous_0)
FN:12,(anonymous_1)
FN:16,(anonymous_2)
FNF:3
FNH:3
FNDA:1,(anonymous_0)
FNDA:1,(anonymous_1)
FNDA:1,(anonymous_2)
DA:5,1
DA:6,1
DA:7,1
DA:8,1
DA:9,1
DA:13,1
DA:17,1
LF:7
LH:7
BRF:0
BRH:0
end_of_record
TN:
SF:/Users/oksana/WebstormProjects/js-band-hw-task-5/src/scripts/modules/models/truck.js
FN:4,(anonymous_0)
FN:10,(anonymous_1)
FNF:2
FNH:0
FNDA:0,(anonymous_0)
FNDA:0,(anonymous_1)
DA:5,0
DA:6,0
DA:7,0
DA:11,0
LF:4
LH:0
BRF:0
BRH:0
end_of_record
TN:
SF:/Users/oksana/WebstormProjects/js-band-hw-task-5/src/scripts/modules/renderers/cost-renderer.js
FN:4,(anonymous_0)
FN:9,(anonymous_1)
FNF:2
FNH:0
FNDA:0,(anonymous_0)
FNDA:0,(anonymous_1)
DA:5,0
DA:6,0
DA:10,0
DA:11,0
DA:13,0
DA:14,0
DA:15,0
DA:17,0
DA:18,0
DA:20,0
LF:10
LH:0
BRF:0
BRH:0
end_of_record
TN:
SF:/Users/oksana/WebstormProjects/js-band-hw-task-5/src/scripts/modules/renderers/item-renderer.js
FN:2,(anonymous_0)
FN:5,(anonymous_1)
FNF:2
FNH:0
FNDA:0,(anonymous_0)
FNDA:0,(anonymous_1)
DA:6,0
DA:7,0
DA:8,0
DA:9,0
DA:10,0
DA:11,0
DA:12,0
DA:13,0
DA:14,0
DA:16,0
LF:10
LH:0
BRF:0
BRH:0
end_of_record
TN:
SF:/Users/oksana/WebstormProjects/js-band-hw-task-5/src/scripts/modules/renderers/ship-renderer.js
FN:4,(anonymous_0)
FN:9,(anonymous_1)
FNF:2
FNH:0
FNDA:0,(anonymous_0)
FNDA:0,(anonymous_1)
DA:5,0
DA:6,0
DA:10,0
DA:11,0
DA:13,0
DA:14,0
DA:15,0
DA:16,0
DA:17,0
DA:18,0
DA:20,0
DA:21,0
DA:23,0
LF:13
LH:0
BRF:0
BRH:0
end_of_record
TN:
SF:/Users/oksana/WebstormProjects/js-band-hw-task-5/src/scripts/modules/renderers/truck-renderer.js
FN:4,(anonymous_0)
FN:9,(anonymous_1)
FNF:2
FNH:0
FNDA:0,(anonymous_0)
FNDA:0,(anonymous_1)
DA:5,0
DA:6,0
DA:10,0
DA:11,0
DA:13,0
DA:14,0
DA:15,0
DA:16,0
DA:17,0
DA:18,0
DA:20,0
DA:21,0
DA:23,0
LF:13
LH:0
BRF:0
BRH:0
end_of_record
TN:
SF:/Users/oksana/WebstormProjects/js-band-hw-task-5/src/scripts/modules/services/local-storage-service.js
FN:2,(anonymous_0)
FN:6,(anonymous_1)
FN:10,(anonymous_2)
FNF:3
FNH:0
FNDA:0,(anonymous_0)
FNDA:0,(anonymous_1)
FNDA:0,(anonymous_2)
DA:3,0
DA:7,0
DA:11,0
DA:15,0
DA:16,0
LF:5
LH:0
BRF:0
BRH:0
end_of_record
